INFO: :load_directory <- development
INFO: :target_dir : D:\dev_data\ToyCar_section_00
INFO: :#files : 1000
INFO: :load_directory <- development
INFO: :target_dir : D:\dev_data\ToyCar_section_00
INFO: :#files : 1000
INFO: :target_dir : D:\dev_data\ToyCar_section_01
INFO: :#files : 1000
INFO: :target_dir : D:\dev_data\ToyCar_section_02
INFO: :#files : 1000
INFO: :target_dir : D:\dev_data\ToyTrain_section_00
INFO: :#files : 1000
ERROR: :file_broken or not exists!! : D:\dev_data\ToyTrain\train\section_00_source_train_normal_0896_car_E2_spd_8_mic_1_noise_1.wav
INFO: :load_directory <- development
INFO: :target_dir : D:\dev_data\ToyCar_section_00
INFO: :#files : 1000
INFO: :target_dir : D:\dev_data\ToyCar_section_01
INFO: :#files : 1000
INFO: :target_dir : D:\dev_data\ToyCar_section_02
INFO: :#files : 1000
INFO: :load_directory <- development
INFO: :target_dir : D:\dev_data\ToyCar_section_00
INFO: :#files : 1000
INFO: :target_dir : D:\dev_data\ToyCar_section_01
INFO: :#files : 1000
INFO: :target_dir : D:\dev_data\ToyCar_section_02
INFO: :#files : 1000
INFO: :load_directory <- development
INFO: :target_dir : D:\dev_data\ToyCar_section_00
INFO: :#files : 1000
INFO: :target_dir : D:\dev_data\ToyCar_section_01
INFO: :#files : 1000
INFO: :target_dir : D:\dev_data\ToyCar_section_02
INFO: :#files : 1000
INFO: :load_directory <- development
INFO: :target_dir : D:\dev_data\ToyCar_section_00
INFO: :#files : 1000
INFO: :target_dir : D:\dev_data\ToyCar_section_01
INFO: :#files : 1000
INFO: :target_dir : D:\dev_data\ToyCar_section_02
INFO: :#files : 1000
INFO: :load_directory <- development
INFO: :target_dir : D:\dev_data\ToyCar_section_00
INFO: :#files : 1000
INFO: :target_dir : D:\dev_data\ToyCar_section_01
INFO: :#files : 1000
INFO: :target_dir : D:\dev_data\ToyCar_section_02
INFO: :#files : 1000
INFO: :load_directory <- development
INFO: :target_dir : D:\dev_data2\ToyCar_section_00
INFO: :#files : 1000
INFO: :target_dir : D:\dev_data2\ToyCar_section_01
INFO: :#files : 1000
INFO: :target_dir : D:\dev_data2\ToyCar_section_02
INFO: :#files : 1000
ERROR: :file_broken or not exists!! : D:\dev_data2\ToyCar\train\section_02_source_train_normal_0713_car_A2_spd_40V_mic_1_noise_1.wav
INFO: :load_directory <- development
INFO: :target_dir : D:\dev_data\ToyCar_section_00
INFO: :#files : 1000
INFO: :load_directory <- development
INFO: :target_dir : D:\dev_data\ToyCar_section_00
INFO: :#files : 1000
INFO: :load_directory <- development
INFO: :target_dir : D:\dev_data\ToyCar_section_00
INFO: :#files : 1000
INFO: :load_directory <- development
INFO: :target_dir : D:\dev_data\ToyCar_section_00
INFO: :#files : 1000
INFO: :load_directory <- development
INFO: :target_dir : D:\dev_data\ToyCar_section_00
INFO: :#files : 1000
INFO: :load_directory <- development
INFO: :target_dir : D:\dev_data\ToyCar_section_00
INFO: :#files : 1000
INFO: :load_directory <- development
INFO: :target_dir : D:\dev_data\ToyCar_section_00
INFO: :#files : 1000
INFO: :load_directory <- development
INFO: :target_dir : D:\dev_data\ToyCar_section_00
INFO: :#files : 1000
INFO: :load_directory <- development
INFO: :target_dir : D:\dev_data\ToyCar_section_00
INFO: :#files : 1000
INFO: :load_directory <- development
INFO: :target_dir : D:\dev_data\ToyCar_section_00
INFO: :#files : 1000
INFO: :load_directory <- development
INFO: :target_dir : D:\dev_data\ToyCar_section_00
INFO: :#files : 1000
INFO: :load_directory <- development
INFO: :target_dir : D:\dev_data\ToyCar_section_00
INFO: :#files : 1000
INFO: :load_directory <- development
INFO: :target_dir : D:\dev_data\ToyCar_section_00
INFO: :#files : 1000
INFO: :load_directory <- development
INFO: :target_dir : D:\dev_data\ToyCar_section_00
INFO: :#files : 1000
INFO: :load_directory <- development
INFO: :target_dir : D:\dev_data\ToyCar_section_00
INFO: :#files : 1000
INFO: :load_directory <- development
INFO: :target_dir : D:\dev_data\ToyCar_section_00
INFO: :#files : 1000
INFO: :load_directory <- development
INFO: :target_dir : D:\dev_data\ToyCar_section_00
INFO: :#files : 1000
INFO: :load_directory <- development
INFO: :target_dir : D:\dev_data\ToyCar_section_00
INFO: :#files : 1000
INFO: :load_directory <- development
INFO: :target_dir : D:\dev_data\ToyCar_section_00
INFO: :#files : 1000
INFO: :load_directory <- development
INFO: :target_dir : D:\dev_data\ToyCar_section_00
INFO: :#files : 1000
INFO: :load_directory <- development
INFO: :target_dir : D:\dev_data\ToyCar_section_00
INFO: :#files : 1000
INFO: :load_directory <- development
INFO: :target_dir : D:\dev_data\ToyCar_section_00
INFO: :#files : 1000
INFO: :load_directory <- development
INFO: :target_dir : D:\dev_data\ToyCar_section_00
INFO: :#files : 1000
INFO: :load_directory <- development
INFO: :target_dir : D:\dev_data\ToyCar_section_00
INFO: :#files : 1000
INFO: :load_directory <- development
INFO: :target_dir : D:\dev_data\ToyCar_section_00
INFO: :#files : 1000
INFO: :load_directory <- development
INFO: :target_dir : D:\dev_data\ToyCar_section_00
INFO: :#files : 1000
INFO: :load_directory <- development
INFO: :target_dir : D:\dev_data\ToyCar_section_00
INFO: :#files : 1000
INFO: :load_directory <- development
INFO: :target_dir : D:\dev_data\ToyCar_section_00
INFO: :#files : 1000
INFO: :load_directory <- development
INFO: :target_dir : D:\dev_data\ToyCar_section_00
INFO: :#files : 1000
INFO: :load_directory <- development
INFO: :target_dir : D:\dev_data\ToyCar_section_00
INFO: :#files : 1000
INFO: :load_directory <- development
INFO: :target_dir : D:\dev_data\ToyCar_section_00
INFO: :#files : 1000
INFO: :load_directory <- development
INFO: :target_dir : D:\dev_data\ToyCar_section_00
INFO: :#files : 1000
INFO: :load_directory <- development
INFO: :target_dir : D:\dev_data\ToyCar_section_00
INFO: :#files : 1000
INFO: :load_directory <- development
INFO: :target_dir : D:\dev_data\ToyCar_section_00
INFO: :#files : 1000
INFO: :load_directory <- development
INFO: :target_dir : D:\dev_data\ToyCar_section_00
INFO: :#files : 1000
INFO: :load_directory <- development
INFO: :target_dir : D:\dev_data\ToyCar_section_00
INFO: :#files : 1000
INFO: :load_directory <- development
INFO: :target_dir : D:\dev_data\ToyCar_section_00
INFO: :#files : 1000
INFO: :load_directory <- development
INFO: :target_dir : D:\dev_data\ToyCar_section_00
INFO: :#files : 1000
INFO: :load_directory <- development
INFO: :target_dir : D:\dev_data\ToyCar_section_00
INFO: :#files : 1000
INFO: :load_directory <- development
INFO: :target_dir : D:\dev_data\ToyCar_section_00
INFO: :#files : 1000
INFO: :load_directory <- development
INFO: :target_dir : D:\dev_data\ToyCar_section_00
INFO: :#files : 1000
INFO: :load_directory <- development
INFO: :target_dir : D:\dev_data\ToyCar_section_00
INFO: :#files : 1000
INFO: :load_directory <- development
INFO: :target_dir : D:\dev_data\ToyCar_section_00
INFO: :#files : 1000
INFO: :load_directory <- development
INFO: :target_dir : D:\dev_data\ToyCar_section_00
INFO: :#files : 1000
INFO: :load_directory <- development
INFO: :target_dir : D:\dev_data\ToyCar_section_00
INFO: :#files : 1000
INFO: :load_directory <- development
INFO: :target_dir : D:\dev_data\ToyCar_section_00
INFO: :#files : 1000
INFO: :load_directory <- development
INFO: :target_dir : D:\dev_data\ToyCar_section_00
INFO: :#files : 1000
INFO: :load_directory <- development
INFO: :target_dir : D:\dev_data\ToyCar_section_00
INFO: :#files : 1000
INFO: :load_directory <- development
INFO: :target_dir : D:\dev_data\ToyCar_section_00
INFO: :#files : 1000
INFO: :load_directory <- development
INFO: :target_dir : D:\dev_data\ToyCar_section_00
INFO: :#files : 1000
INFO: :load_directory <- development
INFO: :target_dir : D:\dev_data\ToyCar_section_00
INFO: :#files : 1000
INFO: :load_directory <- development
INFO: :target_dir : D:\dev_data\ToyCar_section_00
INFO: :#files : 1000
INFO: :load_directory <- development
INFO: :target_dir : D:\dev_data\ToyCar_section_00
INFO: :#files : 1000
INFO: :load_directory <- development
INFO: :target_dir : D:\dev_data\ToyCar_section_00
INFO: :#files : 1000
INFO: :load_directory <- development
INFO: :target_dir : D:\dev_data\ToyCar_section_00
INFO: :#files : 1000
INFO: :load_directory <- development
INFO: :target_dir : D:\dev_data\ToyCar_section_00
INFO: :#files : 1000
INFO: :load_directory <- development
INFO: :target_dir : D:\dev_data\ToyCar_section_00
INFO: :#files : 1000
INFO: :load_directory <- development
INFO: :target_dir : D:\dev_data\ToyCar_section_00
INFO: :#files : 1000
INFO: :load_directory <- development
INFO: :target_dir : D:\dev_data\ToyCar_section_00
INFO: :#files : 1000
INFO: :load_directory <- development
INFO: :target_dir : D:\dev_data\ToyCar_section_00
INFO: :#files : 1000
INFO: :load_directory <- development
INFO: :target_dir : D:\dev_data\ToyCar_section_00
INFO: :#files : 1000
INFO: :load_directory <- development
INFO: :target_dir : D:\dev_data\ToyCar_section_00
INFO: :#files : 1000
INFO: :load_directory <- development
INFO: :target_dir : D:\dev_data\ToyCar_section_00
INFO: :#files : 1000
INFO: :load_directory <- development
INFO: :target_dir : D:\dev_data\ToyCar_section_00
INFO: :#files : 1000
INFO: :load_directory <- development
INFO: :target_dir : D:\dev_data\ToyCar_section_00
INFO: :#files : 1000
INFO: :load_directory <- development
INFO: :target_dir : D:\dev_data\ToyCar_section_00
INFO: :#files : 1000
INFO: :load_directory <- development
INFO: :target_dir : D:\dev_data\ToyCar_section_00
INFO: :#files : 1000
INFO: :load_directory <- development
INFO: :target_dir : D:\dev_data\ToyCar_section_00
INFO: :#files : 1000
INFO: :load_directory <- development
INFO: :target_dir : D:\dev_data\ToyCar_section_00
INFO: :#files : 1000
INFO: :load_directory <- development
INFO: :target_dir : D:\dev_data\ToyCar_section_00
INFO: :#files : 1000
INFO: :load_directory <- development
INFO: :target_dir : D:\dev_data\ToyCar_section_00
INFO: :#files : 1000
INFO: :load_directory <- development
INFO: :target_dir : D:\dev_data\ToyCar_section_00
INFO: :#files : 1000
INFO: :load_directory <- development
INFO: :target_dir : D:\dev_data\ToyCar_section_00
INFO: :#files : 1000
INFO: :load_directory <- development
INFO: :target_dir : D:\dev_data\ToyCar_section_00
INFO: :#files : 1000
INFO: :load_directory <- development
INFO: :target_dir : D:\dev_data\ToyCar_section_00
INFO: :#files : 1000
INFO: :load_directory <- development
INFO: :target_dir : D:\dev_data\ToyCar_section_00
INFO: :#files : 1000
INFO: :load_directory <- development
INFO: :target_dir : D:\dev_data\ToyCar_section_00
INFO: :#files : 1000
INFO: :load_directory <- development
INFO: :target_dir : D:\dev_data\ToyCar_section_00
INFO: :#files : 1000
INFO: :load_directory <- development
INFO: :target_dir : D:\dev_data\ToyCar_section_00
INFO: :#files : 1000
INFO: :load_directory <- development
INFO: :target_dir : D:\dev_data\ToyCar_section_00
INFO: :#files : 1000
INFO: :load_directory <- development
INFO: :target_dir : D:\dev_data\ToyCar_section_00
INFO: :#files : 1000
INFO: :load_directory <- development
INFO: :target_dir : D:\dev_data\ToyCar_section_00
INFO: :#files : 1000
INFO: :load_directory <- development
INFO: :target_dir : D:\dev_data\ToyCar_section_00
INFO: :#files : 1000
INFO: :load_directory <- development
INFO: :target_dir : D:\dev_data\ToyCar_section_00
INFO: :#files : 1000
INFO: :load_directory <- development
INFO: :target_dir : D:\dev_data\ToyCar_section_00
INFO: :#files : 1000
INFO: :load_directory <- development
INFO: :target_dir : D:\dev_data\ToyCar_section_00
INFO: :#files : 1000
INFO: :load_directory <- development
INFO: :target_dir : D:\dev_data\ToyCar_section_00
INFO: :#files : 1000
INFO: :load_directory <- development
INFO: :target_dir : D:\dev_data\ToyCar_section_00
INFO: :#files : 1000
INFO: :load_directory <- development
INFO: :target_dir : D:\dev_data\ToyCar_section_00
INFO: :#files : 1000
INFO: :load_directory <- development
INFO: :target_dir : D:\dev_data\ToyCar_section_00
INFO: :#files : 1000
INFO: :load_directory <- development
INFO: :target_dir : D:\dev_data\ToyCar_section_00
INFO: :#files : 1000
INFO: :load_directory <- development
INFO: :target_dir : D:\dev_data\ToyCar_section_00
INFO: :#files : 1000
INFO: :load_directory <- development
INFO: :target_dir : D:\dev_data\ToyCar_section_00
INFO: :#files : 1000
INFO: :load_directory <- development
INFO: :target_dir : D:\dev_data\ToyCar_section_00
INFO: :#files : 1000
INFO: :load_directory <- development
INFO: :target_dir : D:\dev_data\ToyCar_section_00
INFO: :#files : 1000
INFO: :load_directory <- development
INFO: :target_dir : D:\dev_data\ToyCar_section_00
INFO: :#files : 1000
INFO: :load_directory <- development
INFO: :target_dir : D:\dev_data\ToyCar_section_00
INFO: :#files : 1000
INFO: :load_directory <- development
INFO: :target_dir : D:\dev_data\ToyCar_section_00
INFO: :#files : 1000
INFO: :load_directory <- development
INFO: :target_dir : D:\dev_data\ToyCar_section_00
INFO: :#files : 1000
INFO: :load_directory <- development
INFO: :target_dir : D:\dev_data\ToyCar_section_00
INFO: :#files : 1000
INFO: :load_directory <- development
INFO: :target_dir : D:\dev_data\ToyCar_section_00
INFO: :#files : 1000
INFO: :load_directory <- development
INFO: :target_dir : D:\dev_data\ToyCar_section_00
INFO: :#files : 1000
INFO: :load_directory <- development
INFO: :target_dir : D:\dev_data\ToyCar_section_00
INFO: :#files : 1000
INFO: :load_directory <- development
INFO: :load_directory <- development
INFO: :load_directory <- development
INFO: :load_directory <- development
INFO: :load_directory <- development
INFO: :load_directory <- development
INFO: :load_directory <- development
INFO: :load_directory <- development
INFO: :load_directory <- development
INFO: :load_directory <- development
INFO: :load_directory <- development
INFO: :load_directory <- development
INFO: :load_directory <- development
INFO: :load_directory <- development
INFO: :load_directory <- development
INFO: :load_directory <- development
INFO: :load_directory <- development
INFO: :load_directory <- development
INFO: :load_directory <- development
INFO: :load_directory <- development
INFO: :load_directory <- development
INFO: :load_directory <- development
INFO: :load_directory <- development
INFO: :load_directory <- development
INFO: :load_directory <- development
INFO: :load_directory <- development
INFO: :load_directory <- development
INFO: :load_directory <- development
INFO: :load_directory <- development
INFO: :load_directory <- development
INFO: :load_directory <- development
INFO: :load_directory <- development
INFO: :load_directory <- development
INFO: :load_directory <- development
INFO: :load_directory <- development
INFO: :load_directory <- development
INFO: :load_directory <- development
INFO: :load_directory <- development
INFO: :load_directory <- development
INFO: :load_directory <- development
INFO: :load_directory <- development
INFO: :load_directory <- development
INFO: :load_directory <- development
INFO: :load_directory <- development
INFO: :load_directory <- development
INFO: :load_directory <- development
INFO: :load_directory <- development
INFO: :load_directory <- development
INFO: :load_directory <- development
INFO: :load_directory <- development
INFO: :load_directory <- development
INFO: :load_directory <- development
INFO: :load_directory <- development
INFO: :load_directory <- development
INFO: :load_directory <- development
INFO: :load_directory <- development
INFO: :load_directory <- development
INFO: :load_directory <- development
INFO: :load_directory <- development
INFO: :load_directory <- development
